[36mINFO[0m[0000] Copied： /home/jujucom/Desktop/backup2/folder/p1/hellomyat.mp4 -> /home/jujucom/Desktop/backup2/dest/p1/hellomyat.mp4 
[36mINFO[0m[0000] Copied： /home/jujucom/Desktop/backup2/folder/p1/hellomyat.mp4 -> /home/jujucom/Desktop/backup2/dest/p1/hellomyat.mp4 
[36mINFO[0m[0000] Copied： /home/jujucom/Desktop/backup2/folder/p3/p4/p5/hellomyat.mp4 -> /home/jujucom/Desktop/backup2/dest/p3/hellomyat.mp4 
[36mINFO[0m[0000] Copied： /home/jujucom/Desktop/backup2/folder/p1/hellomyat.mp4 -> /home/jujucom/Desktop/backup2/dest/p1/hellomyat.mp4 
[36mINFO[0m[0000] Copied： /home/jujucom/Desktop/backup2/folder/p1/hellomyat.mp4 -> /home/jujucom/Desktop/backup2/dest/p1/hellomyat.mp4 
[36mINFO[0m[0000] Copied： /home/jujucom/Desktop/backup2/folder/p3/p4/p5/hellomyat.mp4 -> /home/jujucom/Desktop/backup2/dest/p3/hellomyat.mp4 
[36mINFO[0m[0031] Copied： /home/jujucom/Desktop/backup2/folder/p1/hellomyat.mp4 -> /home/jujucom/Desktop/backup2/dest/p1/hellomyat.mp4 
[36mINFO[0m[0031] Copied： /home/jujucom/Desktop/backup2/folder/p1/hellomyat.mp4 -> /home/jujucom/Desktop/backup2/dest/p1/hellomyat.mp4 
[36mINFO[0m[0167] Root File Moved： /home/jujucom/Desktop/backup2/folder/p1/ext.mp4 -> /home/jujucom/Desktop/backup2/dest/p1/ext.mp4 
[36mINFO[0m[0168] Root File Moved： /home/jujucom/Desktop/backup2/folder/p2/hello.mp4 -> /home/jujucom/Desktop/backup2/dest/p2/hello.mp4 
[36mINFO[0m[0169] Root File Moved： /home/jujucom/Desktop/backup2/folder/p1/wzj.mp4 -> /home/jujucom/Desktop/backup2/dest/p1/wzj.mp4 
[36mINFO[0m[0017] Root File Moved： /home/jujucom/Desktop/backup2/folder/p1/ext.mp4 -> /home/jujucom/Desktop/backup2/dest/p1/ext.mp4 
[36mINFO[0m[0017] Root File Moved： /home/jujucom/Desktop/backup2/folder/p2/hello.mp4 -> /home/jujucom/Desktop/backup2/dest/p2/hello.mp4 
[36mINFO[0m[0018] Root File Moved： /home/jujucom/Desktop/backup2/folder/p1/wzj.mp4 -> /home/jujucom/Desktop/backup2/dest/p1/wzj.mp4 
[36mINFO[0m[0048] Root File Moved： /home/jujucom/Desktop/backup2/folder/p1/ext.mp4 -> /home/jujucom/Desktop/backup2/dest/p1/ext.mp4 
[36mINFO[0m[0048] Root File Moved： /home/jujucom/Desktop/backup2/folder/p2/hello.mp4 -> /home/jujucom/Desktop/backup2/dest/p2/hello.mp4 
[36mINFO[0m[0048] Root File Moved： /home/jujucom/Desktop/backup2/folder/p1/wzj.mp4 -> /home/jujucom/Desktop/backup2/dest/p1/wzj.mp4 
[36mINFO[0m[0048] Root File Moved： /home/jujucom/Desktop/backup2/folder/test.mp4 -> /home/jujucom/Desktop/backup2/dest/test.mp4 
[36mINFO[0m[0026] Root File Moved： /home/jujucom/Desktop/backup2/folder/test.mp4 -> /home/jujucom/Desktop/backup2/dest/test.mp4 
[36mINFO[0m[0894] Root File Moved： /home/jujucom/Desktop/backup2/folder/cellular-6253871_1920.jpg -> /home/jujucom/Desktop/backup2/dest/cellular-6253871_1920.jpg 
[36mINFO[0m[0920] Root File Moved： /home/jujucom/Desktop/backup2/folder/technology-5348128_1920.jpg -> /home/jujucom/Desktop/backup2/dest/technology-5348128_1920.jpg 
[36mINFO[0m[0979] Root File Moved： /home/jujucom/Desktop/backup2/folder/test.mp4 -> /home/jujucom/Desktop/backup2/dest/test.mp4 
[36mINFO[0m[0004] Root File Moved： /home/jujucom/Desktop/backup2/folder/cellular-6253871_1920.jpg -> /home/jujucom/Desktop/backup2/dest/cellular-6253871_1920.jpg 
[36mINFO[0m[0004] Root File Moved： /home/jujucom/Desktop/backup2/folder/technology-5348128_1920.jpg -> /home/jujucom/Desktop/backup2/dest/technology-5348128_1920.jpg 
[36mINFO[0m[0004] Root File Moved： /home/jujucom/Desktop/backup2/folder/test.mp4 -> /home/jujucom/Desktop/backup2/dest/test.mp4 
[36mINFO[0m[0004] Root File Moved： /home/jujucom/Desktop/backup2/folder/p1/wzj.mp4 -> /home/jujucom/Desktop/backup2/dest/p1/wzj.mp4 
[36mINFO[0m[0004] Pic Moved： /home/jujucom/Desktop/backup2/folder/p1/zj.jpg -> /home/jujucom/Desktop/backup2/dest/p1/zj.jpg 
[36mINFO[0m[0004] Root File Moved： /home/jujucom/Desktop/backup2/folder/p2/hello.mp4 -> /home/jujucom/Desktop/backup2/dest/p2/hello.mp4 
[36mINFO[0m[0004] Pic Moved： /home/jujucom/Desktop/backup2/folder/p2/hello.png -> /home/jujucom/Desktop/backup2/dest/p2/hello.png 
